<?xml version="1.0" encoding="UTF-8"?>
<testng-results ignored="0" total="1" passed="1" failed="0" skipped="0">
  <reporter-output>
  </reporter-output>
  <suite started-at="2023-11-25T10:16:48Z" name="Default suite" finished-at="2023-11-25T10:17:54Z" duration-ms="66005">
    <groups>
    </groups>
    <test started-at="2023-11-25T10:16:48Z" name="Default test" finished-at="2023-11-25T10:17:54Z" duration-ms="66005">
      <class name="makemytripTest.makemytripTest.FlightsSearchTest">
        <test-method is-config="true" signature="setUp()[pri:0, instance:makemytripTest.makemytripTest.FlightsSearchTest@aba625]" started-at="2023-11-25T10:16:48Z" name="setUp" finished-at="2023-11-25T10:16:53Z" duration-ms="4640" status="PASS">
          <reporter-output>
          </reporter-output>
        </test-method> <!-- setUp -->
        <test-method signature="searchFlights()[pri:0, instance:makemytripTest.makemytripTest.FlightsSearchTest@aba625]" started-at="2023-11-25T10:16:53Z" name="searchFlights" finished-at="2023-11-25T10:17:53Z" duration-ms="60647" status="PASS">
          <reporter-output>
          </reporter-output>
        </test-method> <!-- searchFlights -->
        <test-method is-config="true" signature="tearDown()[pri:0, instance:makemytripTest.makemytripTest.FlightsSearchTest@aba625]" started-at="2023-11-25T10:17:53Z" name="tearDown" finished-at="2023-11-25T10:17:54Z" duration-ms="690" status="PASS">
          <reporter-output>
          </reporter-output>
        </test-method> <!-- tearDown -->
      </class> <!-- makemytripTest.makemytripTest.FlightsSearchTest -->
    </test> <!-- Default test -->
  </suite> <!-- Default suite -->
</testng-results>
